<?xml version="1.0" encoding="UTF-8"?>
<!-- Generated by org.testng.reporters.JUnitReportReporter -->
<testsuite hostname="Rajesh-PC" name="CRUD_Operations.GET_Request_PrintAllHeaders" tests="1" failures="0" timestamp="8 Apr 2020 18:14:46 GMT" time="2.598" errors="0">
  <testcase name="allHeaders" time="2.598" classname="CRUD_Operations.GET_Request_PrintAllHeaders"/>
</testsuite> <!-- CRUD_Operations.GET_Request_PrintAllHeaders -->
