<?xml version="1.0" encoding="UTF-8"?>
<!-- Generated by org.testng.reporters.JUnitReportReporter -->
<testsuite hostname="Rajesh-PC" name="CRUD_Operations.TC001_GET_Request" tests="1" failures="0" timestamp="8 Apr 2020 17:56:26 GMT" time="2.705" errors="0">
  <testcase name="GetWeatherDetails" time="2.705" classname="CRUD_Operations.TC001_GET_Request"/>
</testsuite> <!-- CRUD_Operations.TC001_GET_Request -->
